2023-01-05 13:20:03,776:INFO:Initializing load_model()
2023-01-05 13:20:03,776:INFO:load_model(model_name=cat_api, platform=None, authentication=None, verbose=True)
2023-01-05 13:20:47,398:INFO:Initializing load_model()
2023-01-05 13:20:47,398:INFO:load_model(model_name=cat_api, platform=None, authentication=None, verbose=True)
2023-01-05 13:22:55,440:INFO:Initializing predict_model()
2023-01-05 13:22:55,441:INFO:predict_model(estimator=Pipeline(steps=[('dtypes',
                 DataTypes_Auto_infer(ml_usecase='classification',
                                      target='Label')),
                ('imputer',
                 Simple_Imputer(categorical_strategy='not_available',
                                fill_value_categorical=None,
                                fill_value_numerical=None,
                                numeric_strategy='mean',
                                target_variable=None)),
                ('new_levels1',
                 New_Catagorical_Levels_in_TestData(replacement_strategy='least '
                                                                         'frequent',
                                                    targe...
                ('cluster_all', 'passthrough'),
                ('dummy', Dummify(target='Label')),
                ('fix_perfect', Remove_100(target='Label')),
                ('clean_names', Clean_Colum_Names()),
                ('feature_select', 'passthrough'), ('fix_multi', 'passthrough'),
                ('dfs', 'passthrough'), ('pca', 'passthrough'),
                ['trained_model',
                 CalibratedClassifierCV(base_estimator=<catboost.core.CatBoostClassifier object at 0x000001C8B7CBCB20>,
                                        cv=5)]]), probability_threshold=None, encoded_labels=False, drift_report=False, raw_score=False, round=4, verbose=True, ml_usecase=MLUsecase.CLASSIFICATION, display=None, drift_kwargs=None)
2023-01-05 13:22:55,459:INFO:Checking exceptions
2023-01-05 13:22:55,459:INFO:Preloading libraries
2023-02-01 15:49:06,753:INFO:Initializing load_model()
2023-02-01 15:49:06,770:INFO:load_model(model_name=cat_api, platform=None, authentication=None, verbose=True)
2023-02-01 15:50:46,688:INFO:Initializing predict_model()
2023-02-01 15:50:46,689:INFO:predict_model(estimator=Pipeline(steps=[('dtypes',
                 DataTypes_Auto_infer(ml_usecase='classification',
                                      target='Label')),
                ('imputer',
                 Simple_Imputer(categorical_strategy='not_available',
                                fill_value_categorical=None,
                                fill_value_numerical=None,
                                numeric_strategy='mean',
                                target_variable=None)),
                ('new_levels1',
                 New_Catagorical_Levels_in_TestData(replacement_strategy='least '
                                                                         'frequent',
                                                    targe...
                ('cluster_all', 'passthrough'),
                ('dummy', Dummify(target='Label')),
                ('fix_perfect', Remove_100(target='Label')),
                ('clean_names', Clean_Colum_Names()),
                ('feature_select', 'passthrough'), ('fix_multi', 'passthrough'),
                ('dfs', 'passthrough'), ('pca', 'passthrough'),
                ['trained_model',
                 CalibratedClassifierCV(base_estimator=<catboost.core.CatBoostClassifier object at 0x000001A39661CA90>,
                                        cv=5)]]), probability_threshold=None, encoded_labels=False, drift_report=False, raw_score=False, round=4, verbose=True, ml_usecase=MLUsecase.CLASSIFICATION, display=None, drift_kwargs=None)
2023-02-01 15:50:46,689:INFO:Checking exceptions
2023-02-01 15:50:46,690:INFO:Preloading libraries
2023-02-10 13:34:27,585:INFO:Initializing load_model()
2023-02-10 13:34:27,611:INFO:load_model(model_name=cat_api, platform=None, authentication=None, verbose=True)
2023-02-10 13:39:37,972:INFO:Initializing predict_model()
2023-02-10 13:39:37,972:INFO:predict_model(estimator=Pipeline(steps=[('dtypes',
                 DataTypes_Auto_infer(ml_usecase='classification',
                                      target='Label')),
                ('imputer',
                 Simple_Imputer(categorical_strategy='not_available',
                                fill_value_categorical=None,
                                fill_value_numerical=None,
                                numeric_strategy='mean',
                                target_variable=None)),
                ('new_levels1',
                 New_Catagorical_Levels_in_TestData(replacement_strategy='least '
                                                                         'frequent',
                                                    targe...
                ('cluster_all', 'passthrough'),
                ('dummy', Dummify(target='Label')),
                ('fix_perfect', Remove_100(target='Label')),
                ('clean_names', Clean_Colum_Names()),
                ('feature_select', 'passthrough'), ('fix_multi', 'passthrough'),
                ('dfs', 'passthrough'), ('pca', 'passthrough'),
                ['trained_model',
                 CalibratedClassifierCV(base_estimator=<catboost.core.CatBoostClassifier object at 0x000002945339CA90>,
                                        cv=5)]]), probability_threshold=None, encoded_labels=False, drift_report=False, raw_score=False, round=4, verbose=True, ml_usecase=MLUsecase.CLASSIFICATION, display=None, drift_kwargs=None)
2023-02-10 13:39:37,972:INFO:Checking exceptions
2023-02-10 13:39:37,972:INFO:Preloading libraries
2023-03-07 11:05:56,217:INFO:Initializing load_model()
2023-03-07 11:05:56,234:INFO:load_model(model_name=cat_api, platform=None, authentication=None, verbose=True)
2023-04-03 10:18:21,717:INFO:Initializing load_model()
2023-04-03 10:18:21,717:INFO:load_model(model_name=cat_api, platform=None, authentication=None, verbose=True)
2023-04-03 10:31:29,464:INFO:Initializing predict_model()
2023-04-03 10:31:29,465:INFO:predict_model(estimator=Pipeline(steps=[('dtypes',
                 DataTypes_Auto_infer(ml_usecase='classification',
                                      target='Label')),
                ('imputer',
                 Simple_Imputer(categorical_strategy='not_available',
                                fill_value_categorical=None,
                                fill_value_numerical=None,
                                numeric_strategy='mean',
                                target_variable=None)),
                ('new_levels1',
                 New_Catagorical_Levels_in_TestData(replacement_strategy='least '
                                                                         'frequent',
                                                    targe...
                ('cluster_all', 'passthrough'),
                ('dummy', Dummify(target='Label')),
                ('fix_perfect', Remove_100(target='Label')),
                ('clean_names', Clean_Colum_Names()),
                ('feature_select', 'passthrough'), ('fix_multi', 'passthrough'),
                ('dfs', 'passthrough'), ('pca', 'passthrough'),
                ['trained_model',
                 CalibratedClassifierCV(base_estimator=<catboost.core.CatBoostClassifier object at 0x000002234982CA90>,
                                        cv=5)]]), probability_threshold=None, encoded_labels=False, drift_report=False, raw_score=False, round=4, verbose=True, ml_usecase=MLUsecase.CLASSIFICATION, display=None, drift_kwargs=None)
2023-04-03 10:31:29,465:INFO:Checking exceptions
2023-04-03 10:31:29,465:INFO:Preloading libraries
2023-04-03 14:03:29,713:INFO:Initializing predict_model()
2023-04-03 14:03:29,714:INFO:predict_model(estimator=Pipeline(steps=[('dtypes',
                 DataTypes_Auto_infer(ml_usecase='classification',
                                      target='Label')),
                ('imputer',
                 Simple_Imputer(categorical_strategy='not_available',
                                fill_value_categorical=None,
                                fill_value_numerical=None,
                                numeric_strategy='mean',
                                target_variable=None)),
                ('new_levels1',
                 New_Catagorical_Levels_in_TestData(replacement_strategy='least '
                                                                         'frequent',
                                                    targe...
                ('cluster_all', 'passthrough'),
                ('dummy', Dummify(target='Label')),
                ('fix_perfect', Remove_100(target='Label')),
                ('clean_names', Clean_Colum_Names()),
                ('feature_select', 'passthrough'), ('fix_multi', 'passthrough'),
                ('dfs', 'passthrough'), ('pca', 'passthrough'),
                ['trained_model',
                 CalibratedClassifierCV(base_estimator=<catboost.core.CatBoostClassifier object at 0x000002234982CA90>,
                                        cv=5)]]), probability_threshold=None, encoded_labels=False, drift_report=False, raw_score=False, round=4, verbose=True, ml_usecase=MLUsecase.CLASSIFICATION, display=None, drift_kwargs=None)
2023-04-03 14:03:29,714:INFO:Checking exceptions
2023-04-03 14:03:29,714:INFO:Preloading libraries
2023-04-03 14:03:34,185:INFO:Initializing predict_model()
2023-04-03 14:03:34,185:INFO:predict_model(estimator=Pipeline(steps=[('dtypes',
                 DataTypes_Auto_infer(ml_usecase='classification',
                                      target='Label')),
                ('imputer',
                 Simple_Imputer(categorical_strategy='not_available',
                                fill_value_categorical=None,
                                fill_value_numerical=None,
                                numeric_strategy='mean',
                                target_variable=None)),
                ('new_levels1',
                 New_Catagorical_Levels_in_TestData(replacement_strategy='least '
                                                                         'frequent',
                                                    targe...
                ('cluster_all', 'passthrough'),
                ('dummy', Dummify(target='Label')),
                ('fix_perfect', Remove_100(target='Label')),
                ('clean_names', Clean_Colum_Names()),
                ('feature_select', 'passthrough'), ('fix_multi', 'passthrough'),
                ('dfs', 'passthrough'), ('pca', 'passthrough'),
                ['trained_model',
                 CalibratedClassifierCV(base_estimator=<catboost.core.CatBoostClassifier object at 0x000002234982CA90>,
                                        cv=5)]]), probability_threshold=None, encoded_labels=False, drift_report=False, raw_score=False, round=4, verbose=True, ml_usecase=MLUsecase.CLASSIFICATION, display=None, drift_kwargs=None)
2023-04-03 14:03:34,185:INFO:Checking exceptions
2023-04-03 14:03:34,186:INFO:Preloading libraries
2023-04-12 14:26:35,923:INFO:Initializing load_model()
2023-04-12 14:26:35,941:INFO:load_model(model_name=cat_api, platform=None, authentication=None, verbose=True)
2023-04-12 14:36:40,164:INFO:Initializing predict_model()
2023-04-12 14:36:40,165:INFO:predict_model(estimator=Pipeline(steps=[('dtypes',
                 DataTypes_Auto_infer(ml_usecase='classification',
                                      target='Label')),
                ('imputer',
                 Simple_Imputer(categorical_strategy='not_available',
                                fill_value_categorical=None,
                                fill_value_numerical=None,
                                numeric_strategy='mean',
                                target_variable=None)),
                ('new_levels1',
                 New_Catagorical_Levels_in_TestData(replacement_strategy='least '
                                                                         'frequent',
                                                    targe...
                ('cluster_all', 'passthrough'),
                ('dummy', Dummify(target='Label')),
                ('fix_perfect', Remove_100(target='Label')),
                ('clean_names', Clean_Colum_Names()),
                ('feature_select', 'passthrough'), ('fix_multi', 'passthrough'),
                ('dfs', 'passthrough'), ('pca', 'passthrough'),
                ['trained_model',
                 CalibratedClassifierCV(base_estimator=<catboost.core.CatBoostClassifier object at 0x000001283164CA90>,
                                        cv=5)]]), probability_threshold=None, encoded_labels=False, drift_report=False, raw_score=False, round=4, verbose=True, ml_usecase=MLUsecase.CLASSIFICATION, display=None, drift_kwargs=None)
2023-04-12 14:36:40,165:INFO:Checking exceptions
2023-04-12 14:36:40,165:INFO:Preloading libraries
2023-04-12 14:56:08,107:INFO:Initializing predict_model()
2023-04-12 14:56:08,107:INFO:predict_model(estimator=Pipeline(steps=[('dtypes',
                 DataTypes_Auto_infer(ml_usecase='classification',
                                      target='Label')),
                ('imputer',
                 Simple_Imputer(categorical_strategy='not_available',
                                fill_value_categorical=None,
                                fill_value_numerical=None,
                                numeric_strategy='mean',
                                target_variable=None)),
                ('new_levels1',
                 New_Catagorical_Levels_in_TestData(replacement_strategy='least '
                                                                         'frequent',
                                                    targe...
                ('cluster_all', 'passthrough'),
                ('dummy', Dummify(target='Label')),
                ('fix_perfect', Remove_100(target='Label')),
                ('clean_names', Clean_Colum_Names()),
                ('feature_select', 'passthrough'), ('fix_multi', 'passthrough'),
                ('dfs', 'passthrough'), ('pca', 'passthrough'),
                ['trained_model',
                 CalibratedClassifierCV(base_estimator=<catboost.core.CatBoostClassifier object at 0x000001283164CA90>,
                                        cv=5)]]), probability_threshold=None, encoded_labels=False, drift_report=False, raw_score=False, round=4, verbose=True, ml_usecase=MLUsecase.CLASSIFICATION, display=None, drift_kwargs=None)
2023-04-12 14:56:08,107:INFO:Checking exceptions
2023-04-12 14:56:08,107:INFO:Preloading libraries
2023-04-12 14:59:56,761:INFO:Initializing predict_model()
2023-04-12 14:59:56,762:INFO:predict_model(estimator=Pipeline(steps=[('dtypes',
                 DataTypes_Auto_infer(ml_usecase='classification',
                                      target='Label')),
                ('imputer',
                 Simple_Imputer(categorical_strategy='not_available',
                                fill_value_categorical=None,
                                fill_value_numerical=None,
                                numeric_strategy='mean',
                                target_variable=None)),
                ('new_levels1',
                 New_Catagorical_Levels_in_TestData(replacement_strategy='least '
                                                                         'frequent',
                                                    targe...
                ('cluster_all', 'passthrough'),
                ('dummy', Dummify(target='Label')),
                ('fix_perfect', Remove_100(target='Label')),
                ('clean_names', Clean_Colum_Names()),
                ('feature_select', 'passthrough'), ('fix_multi', 'passthrough'),
                ('dfs', 'passthrough'), ('pca', 'passthrough'),
                ['trained_model',
                 CalibratedClassifierCV(base_estimator=<catboost.core.CatBoostClassifier object at 0x000001283164CA90>,
                                        cv=5)]]), probability_threshold=None, encoded_labels=False, drift_report=False, raw_score=False, round=4, verbose=True, ml_usecase=MLUsecase.CLASSIFICATION, display=None, drift_kwargs=None)
2023-04-12 14:59:56,762:INFO:Checking exceptions
2023-04-12 14:59:56,763:INFO:Preloading libraries
2023-04-12 15:02:25,213:INFO:Initializing predict_model()
2023-04-12 15:02:25,213:INFO:predict_model(estimator=Pipeline(steps=[('dtypes',
                 DataTypes_Auto_infer(ml_usecase='classification',
                                      target='Label')),
                ('imputer',
                 Simple_Imputer(categorical_strategy='not_available',
                                fill_value_categorical=None,
                                fill_value_numerical=None,
                                numeric_strategy='mean',
                                target_variable=None)),
                ('new_levels1',
                 New_Catagorical_Levels_in_TestData(replacement_strategy='least '
                                                                         'frequent',
                                                    targe...
                ('cluster_all', 'passthrough'),
                ('dummy', Dummify(target='Label')),
                ('fix_perfect', Remove_100(target='Label')),
                ('clean_names', Clean_Colum_Names()),
                ('feature_select', 'passthrough'), ('fix_multi', 'passthrough'),
                ('dfs', 'passthrough'), ('pca', 'passthrough'),
                ['trained_model',
                 CalibratedClassifierCV(base_estimator=<catboost.core.CatBoostClassifier object at 0x000001283164CA90>,
                                        cv=5)]]), probability_threshold=None, encoded_labels=False, drift_report=False, raw_score=False, round=4, verbose=True, ml_usecase=MLUsecase.CLASSIFICATION, display=None, drift_kwargs=None)
2023-04-12 15:02:25,213:INFO:Checking exceptions
2023-04-12 15:02:25,213:INFO:Preloading libraries
2023-04-12 15:02:53,285:INFO:Initializing predict_model()
2023-04-12 15:02:53,286:INFO:predict_model(estimator=Pipeline(steps=[('dtypes',
                 DataTypes_Auto_infer(ml_usecase='classification',
                                      target='Label')),
                ('imputer',
                 Simple_Imputer(categorical_strategy='not_available',
                                fill_value_categorical=None,
                                fill_value_numerical=None,
                                numeric_strategy='mean',
                                target_variable=None)),
                ('new_levels1',
                 New_Catagorical_Levels_in_TestData(replacement_strategy='least '
                                                                         'frequent',
                                                    targe...
                ('cluster_all', 'passthrough'),
                ('dummy', Dummify(target='Label')),
                ('fix_perfect', Remove_100(target='Label')),
                ('clean_names', Clean_Colum_Names()),
                ('feature_select', 'passthrough'), ('fix_multi', 'passthrough'),
                ('dfs', 'passthrough'), ('pca', 'passthrough'),
                ['trained_model',
                 CalibratedClassifierCV(base_estimator=<catboost.core.CatBoostClassifier object at 0x000001283164CA90>,
                                        cv=5)]]), probability_threshold=None, encoded_labels=False, drift_report=False, raw_score=False, round=4, verbose=True, ml_usecase=MLUsecase.CLASSIFICATION, display=None, drift_kwargs=None)
2023-04-12 15:02:53,286:INFO:Checking exceptions
2023-04-12 15:02:53,286:INFO:Preloading libraries
2023-04-12 15:43:49,248:INFO:Initializing predict_model()
2023-04-12 15:43:49,248:INFO:predict_model(estimator=Pipeline(steps=[('dtypes',
                 DataTypes_Auto_infer(ml_usecase='classification',
                                      target='Label')),
                ('imputer',
                 Simple_Imputer(categorical_strategy='not_available',
                                fill_value_categorical=None,
                                fill_value_numerical=None,
                                numeric_strategy='mean',
                                target_variable=None)),
                ('new_levels1',
                 New_Catagorical_Levels_in_TestData(replacement_strategy='least '
                                                                         'frequent',
                                                    targe...
                ('cluster_all', 'passthrough'),
                ('dummy', Dummify(target='Label')),
                ('fix_perfect', Remove_100(target='Label')),
                ('clean_names', Clean_Colum_Names()),
                ('feature_select', 'passthrough'), ('fix_multi', 'passthrough'),
                ('dfs', 'passthrough'), ('pca', 'passthrough'),
                ['trained_model',
                 CalibratedClassifierCV(base_estimator=<catboost.core.CatBoostClassifier object at 0x000001283164CA90>,
                                        cv=5)]]), probability_threshold=None, encoded_labels=False, drift_report=False, raw_score=False, round=4, verbose=True, ml_usecase=MLUsecase.CLASSIFICATION, display=None, drift_kwargs=None)
2023-04-12 15:43:49,248:INFO:Checking exceptions
2023-04-12 15:43:49,249:INFO:Preloading libraries
2023-04-24 14:10:59,494:INFO:Initializing load_model()
2023-04-24 14:10:59,510:INFO:load_model(model_name=cat_api, platform=None, authentication=None, verbose=True)
2023-04-26 15:03:55,866:INFO:Initializing load_model()
2023-04-26 15:03:55,890:INFO:load_model(model_name=cat_api, platform=None, authentication=None, verbose=True)
2023-04-26 15:04:37,793:INFO:Initializing predict_model()
2023-04-26 15:04:37,793:INFO:predict_model(estimator=Pipeline(steps=[('dtypes',
                 DataTypes_Auto_infer(ml_usecase='classification',
                                      target='Label')),
                ('imputer',
                 Simple_Imputer(categorical_strategy='not_available',
                                fill_value_categorical=None,
                                fill_value_numerical=None,
                                numeric_strategy='mean',
                                target_variable=None)),
                ('new_levels1',
                 New_Catagorical_Levels_in_TestData(replacement_strategy='least '
                                                                         'frequent',
                                                    targe...
                ('cluster_all', 'passthrough'),
                ('dummy', Dummify(target='Label')),
                ('fix_perfect', Remove_100(target='Label')),
                ('clean_names', Clean_Colum_Names()),
                ('feature_select', 'passthrough'), ('fix_multi', 'passthrough'),
                ('dfs', 'passthrough'), ('pca', 'passthrough'),
                ['trained_model',
                 CalibratedClassifierCV(base_estimator=<catboost.core.CatBoostClassifier object at 0x000002498D21DA90>,
                                        cv=5)]]), probability_threshold=None, encoded_labels=False, drift_report=False, raw_score=False, round=4, verbose=True, ml_usecase=MLUsecase.CLASSIFICATION, display=None, drift_kwargs=None)
2023-04-26 15:04:37,793:INFO:Checking exceptions
2023-04-26 15:04:37,793:INFO:Preloading libraries
2023-04-28 11:13:43,143:INFO:Initializing load_model()
2023-04-28 11:13:43,189:INFO:load_model(model_name=cat_api, platform=None, authentication=None, verbose=True)
2023-04-28 11:13:56,129:INFO:Initializing predict_model()
2023-04-28 11:13:56,129:INFO:predict_model(estimator=Pipeline(steps=[('dtypes',
                 DataTypes_Auto_infer(ml_usecase='classification',
                                      target='Label')),
                ('imputer',
                 Simple_Imputer(categorical_strategy='not_available',
                                fill_value_categorical=None,
                                fill_value_numerical=None,
                                numeric_strategy='mean',
                                target_variable=None)),
                ('new_levels1',
                 New_Catagorical_Levels_in_TestData(replacement_strategy='least '
                                                                         'frequent',
                                                    targe...
                ('cluster_all', 'passthrough'),
                ('dummy', Dummify(target='Label')),
                ('fix_perfect', Remove_100(target='Label')),
                ('clean_names', Clean_Colum_Names()),
                ('feature_select', 'passthrough'), ('fix_multi', 'passthrough'),
                ('dfs', 'passthrough'), ('pca', 'passthrough'),
                ['trained_model',
                 CalibratedClassifierCV(base_estimator=<catboost.core.CatBoostClassifier object at 0x00000224A605CA90>,
                                        cv=5)]]), probability_threshold=None, encoded_labels=False, drift_report=False, raw_score=False, round=4, verbose=True, ml_usecase=MLUsecase.CLASSIFICATION, display=None, drift_kwargs=None)
2023-04-28 11:13:56,170:INFO:Checking exceptions
2023-04-28 11:13:56,170:INFO:Preloading libraries
2023-04-28 16:39:53,170:INFO:Initializing predict_model()
2023-04-28 16:39:53,203:INFO:predict_model(estimator=Pipeline(steps=[('dtypes',
                 DataTypes_Auto_infer(ml_usecase='classification',
                                      target='Label')),
                ('imputer',
                 Simple_Imputer(categorical_strategy='not_available',
                                fill_value_categorical=None,
                                fill_value_numerical=None,
                                numeric_strategy='mean',
                                target_variable=None)),
                ('new_levels1',
                 New_Catagorical_Levels_in_TestData(replacement_strategy='least '
                                                                         'frequent',
                                                    targe...
                ('cluster_all', 'passthrough'),
                ('dummy', Dummify(target='Label')),
                ('fix_perfect', Remove_100(target='Label')),
                ('clean_names', Clean_Colum_Names()),
                ('feature_select', 'passthrough'), ('fix_multi', 'passthrough'),
                ('dfs', 'passthrough'), ('pca', 'passthrough'),
                ['trained_model',
                 CalibratedClassifierCV(base_estimator=<catboost.core.CatBoostClassifier object at 0x00000224A605CA90>,
                                        cv=5)]]), probability_threshold=None, encoded_labels=False, drift_report=False, raw_score=False, round=4, verbose=True, ml_usecase=MLUsecase.CLASSIFICATION, display=None, drift_kwargs=None)
2023-04-28 16:39:53,204:INFO:Checking exceptions
2023-04-28 16:39:53,204:INFO:Preloading libraries
